24-04-14.02:14:59.998 [main            ] INFO  LogicChainTest         - Starting LogicChainTest using Java 1.8.0_402 on bogon with PID 68935 (started by zhanghaipeng in /Users/zhanghaipeng/big-market/big-market-app)
24-04-14.02:15:00.000 [main            ] INFO  LogicChainTest         - The following 1 profile is active: "dev"
24-04-14.02:15:01.671 [main            ] INFO  RepositoryConfigurationDelegate - Multiple Spring Data modules found, entering strict repository configuration mode
24-04-14.02:15:01.678 [main            ] INFO  RepositoryConfigurationDelegate - Bootstrapping Spring Data Redis repositories in DEFAULT mode.
24-04-14.02:15:01.723 [main            ] INFO  RepositoryConfigurationDelegate - Finished Spring Data repository scanning in 29 ms. Found 0 Redis repository interfaces.
24-04-14.02:15:03.731 [main            ] INFO  Version                - Redisson 3.23.4
24-04-14.02:15:03.784 [main            ] WARN  DnsServerAddressStreamProviders - Can not find io.netty.resolver.dns.macos.MacOSDnsServerAddressStreamProvider in the classpath, fallback to system defaults. This may result in incorrect DNS resolutions on MacOS. Check whether you have a dependency on 'io.netty:netty-resolver-dns-native-macos'
24-04-14.02:15:04.143 [redisson-netty-2-4] INFO  MasterPubSubConnectionPool - 1 connections initialized for 127.0.0.1/127.0.0.1:16379
24-04-14.02:15:04.177 [redisson-netty-2-13] INFO  MasterConnectionPool   - 5 connections initialized for 127.0.0.1/127.0.0.1:16379
24-04-14.02:15:06.997 [main            ] INFO  EndpointLinksResolver  - Exposing 1 endpoint(s) beneath base path '/actuator'
24-04-14.02:15:07.165 [main            ] INFO  LogicChainTest         - Started LogicChainTest in 7.763 seconds (JVM running for 8.944)
24-04-14.02:15:07.845 [main            ] INFO  HikariDataSource       - HikariPool-1 - Starting...
24-04-14.02:15:08.271 [main            ] INFO  HikariDataSource       - HikariPool-1 - Start completed.
24-04-14.02:15:08.992 [main            ] INFO  LogicChainTest         - 测试结果：true
24-04-14.02:15:09.016 [main            ] INFO  RuleWeightLogicChain   - 抽奖责任链-权重开始 userId: peregrine strategyId: 100001 ruleModel: rule_weight
24-04-14.02:15:09.047 [main            ] INFO  RuleWeightLogicChain   - 抽奖责任链-权重放行 userId: peregrine strategyId: 100001 ruleModel: rule_weight
24-04-14.02:15:09.048 [main            ] INFO  BlackListLogicChain    - 抽奖责任链-黑名单开始 userId: peregrine strategyId: 100001 ruleModel: rule_blacklist
24-04-14.02:15:09.050 [main            ] INFO  BlackListLogicChain    - 抽奖责任链-黑名单放行 userId: peregrine strategyId: 100001 ruleModel: rule_blacklist
24-04-14.02:15:09.059 [main            ] INFO  DefaultLogicChain      - 抽奖责任链-默认处理 userId: peregrine strategyId: 100001 ruleModel: default awardId: 103
24-04-14.02:15:09.060 [main            ] INFO  LogicChainTest         - 测试结果：103
24-04-14.02:15:09.317 [main            ] INFO  LogicChainTest         - 测试结果：true
24-04-14.02:15:09.321 [main            ] INFO  RuleWeightLogicChain   - 抽奖责任链-权重开始 userId: user001 strategyId: 100001 ruleModel: rule_weight
24-04-14.02:15:09.326 [main            ] INFO  RuleWeightLogicChain   - 抽奖责任链-权重放行 userId: user001 strategyId: 100001 ruleModel: rule_weight
24-04-14.02:15:09.326 [main            ] INFO  BlackListLogicChain    - 抽奖责任链-黑名单开始 userId: user001 strategyId: 100001 ruleModel: rule_blacklist
24-04-14.02:15:09.328 [main            ] INFO  BlackListLogicChain    - 抽奖责任链-黑名单接管 userId: user001 strategyId: 100001 ruleModel: rule_blacklist awardId: 100
24-04-14.02:15:09.329 [main            ] INFO  LogicChainTest         - 测试结果：100
24-04-14.02:15:09.472 [main            ] INFO  LogicChainTest         - 测试结果：true
24-04-14.02:15:09.484 [main            ] INFO  RuleWeightLogicChain   - 抽奖责任链-权重开始 userId: peregrine strategyId: 100001 ruleModel: rule_weight
24-04-14.02:15:09.503 [main            ] INFO  RuleWeightLogicChain   - 抽奖责任链-权重接管 userId: peregrine strategyId: 100001 ruleModel: rule_weight awardId: 102
24-04-14.02:15:09.505 [main            ] INFO  LogicChainTest         - 测试结果：102
24-04-14.02:15:09.610 [SpringApplicationShutdownHook] INFO  HikariDataSource       - HikariPool-1 - Shutdown initiated...
24-04-14.02:15:09.636 [SpringApplicationShutdownHook] INFO  HikariDataSource       - HikariPool-1 - Shutdown completed.
24-04-14.18:03:48.886 [main            ] INFO  LogicTreeTest          - Starting LogicTreeTest using Java 1.8.0_402 on bogon with PID 74190 (started by zhanghaipeng in /Users/zhanghaipeng/big-market/big-market-app)
24-04-14.18:03:48.889 [main            ] INFO  LogicTreeTest          - The following 1 profile is active: "dev"
24-04-14.18:03:50.548 [main            ] INFO  RepositoryConfigurationDelegate - Multiple Spring Data modules found, entering strict repository configuration mode
24-04-14.18:03:50.552 [main            ] INFO  RepositoryConfigurationDelegate - Bootstrapping Spring Data Redis repositories in DEFAULT mode.
24-04-14.18:03:50.602 [main            ] INFO  RepositoryConfigurationDelegate - Finished Spring Data repository scanning in 33 ms. Found 0 Redis repository interfaces.
24-04-14.18:03:52.646 [main            ] INFO  Version                - Redisson 3.23.4
24-04-14.18:03:52.700 [main            ] WARN  DnsServerAddressStreamProviders - Can not find io.netty.resolver.dns.macos.MacOSDnsServerAddressStreamProvider in the classpath, fallback to system defaults. This may result in incorrect DNS resolutions on MacOS. Check whether you have a dependency on 'io.netty:netty-resolver-dns-native-macos'
24-04-14.18:03:53.055 [redisson-netty-2-4] INFO  MasterPubSubConnectionPool - 1 connections initialized for 127.0.0.1/127.0.0.1:16379
24-04-14.18:03:53.101 [redisson-netty-2-13] INFO  MasterConnectionPool   - 5 connections initialized for 127.0.0.1/127.0.0.1:16379
24-04-14.18:03:56.002 [main            ] INFO  EndpointLinksResolver  - Exposing 1 endpoint(s) beneath base path '/actuator'
24-04-14.18:03:56.116 [main            ] INFO  LogicTreeTest          - Started LogicTreeTest in 7.82 seconds (JVM running for 8.992)
24-04-14.18:03:56.657 [main            ] INFO  DecisionTreeEngine     - 决策树引擎【决策树规则: 增加 DALL.E.3 画图模型】treeId:100000001 node:rule_lock code:0000
24-04-14.18:03:56.663 [main            ] INFO  DecisionTreeEngine     - 决策树引擎【决策树规则: 增加 DALL.E.3 画图模型】treeId:100000001 node:rule_stock code:0001
24-04-14.18:03:56.664 [main            ] INFO  DecisionTreeEngine     - 决策树引擎【决策树规则: 增加 DALL.E.3 画图模型】treeId:100000001 node:rule_luck_award code:0001
24-04-14.18:03:56.821 [main            ] INFO  LogicTreeTest          - 测试结果：{"awardId":100,"awardRuleValue":"1,100"}
